[debug] [2026-04-19T19:23:32.424Z] [Firebase Plugin] Activating Firebase extension.
[debug] [2026-04-19T19:23:36.814Z] [Firebase Plugin] requireAuthWrapper
[debug] [2026-04-19T19:23:36.817Z] > command requires scopes: ["email","openid","https://www.googleapis.com/auth/cloudplatformprojects.readonly","https://www.googleapis.com/auth/firebase","https://www.googleapis.com/auth/cloud-platform"]
[debug] [2026-04-19T19:23:36.818Z] > authorizing via signed-in user (delraycaio@gmail.com)
[debug] [2026-04-19T19:23:36.821Z] Checked if tokens are valid: false, expires at: 1776621529107
[debug] [2026-04-19T19:23:36.822Z] Checked if tokens are valid: false, expires at: 1776621529107
[debug] [2026-04-19T19:23:36.822Z] > refreshing access token with scopes: []
[debug] [2026-04-19T19:23:36.824Z] >>> [apiv2][query] POST https://www.googleapis.com/oauth2/v3/token [none]
[debug] [2026-04-19T19:23:36.824Z] >>> [apiv2][body] POST https://www.googleapis.com/oauth2/v3/token [omitted]
[debug] [2026-04-19T19:23:36.840Z] [Firebase Plugin] VSCode notification server listening on port 40001
[debug] [2026-04-19T19:23:37.083Z] <<< [apiv2][status] POST https://www.googleapis.com/oauth2/v3/token 200
[debug] [2026-04-19T19:23:37.083Z] <<< [apiv2][body] POST https://www.googleapis.com/oauth2/v3/token [omitted]
[debug] [2026-04-19T19:23:37.131Z] [Firebase Plugin] User found:  delraycaio@gmail.com
[info] [Firebase Plugin] (Core:Project) New user detected, fetching projects
[debug] [2026-04-19T19:23:37.133Z] Checked if tokens are valid: true, expires at: 1776630216083
[debug] [2026-04-19T19:23:37.134Z] >>> [apiv2][query] GET https://firebase.googleapis.com/v1beta1/projects pageSize=1000
[info] [Firebase Plugin] Starting SQL Connect toolkit (version 3.4.5) on port 50001
[debug] [2026-04-19T19:23:37.459Z] 'fdc build' failed with error: Unable to build your SQL Connect schema and connectors (exit code 1): E0419 15:23:37.453202   20040 cmd.go:43] Error loading data connect config: could not find dataconnect.yaml in `h:\SovereignCloud\1-PERSONAL\delray-services\Delray.services\dataconnect`
 {"metadata":{"emulator":{"name":"dataconnect"},"message":"'fdc build' failed with error: Unable to build your SQL Connect schema and connectors (exit code 1): E0419 15:23:37.453202   20040 cmd.go:43] Error loading data connect config: could not find dataconnect.yaml in `h:\\SovereignCloud\\1-PERSONAL\\delray-services\\Delray.services\\dataconnect`\n"}}
[debug] [2026-04-19T19:23:37.460Z] Ignoring unsupported arg: auto_download {"metadata":{"emulator":{"name":"dataconnect"},"message":"Ignoring unsupported arg: auto_download"}}
[debug] [2026-04-19T19:23:37.461Z] Ignoring unsupported arg: port {"metadata":{"emulator":{"name":"dataconnect"},"message":"Ignoring unsupported arg: port"}}
[debug] [2026-04-19T19:23:37.461Z] Starting SQL Connect Emulator with command {"binary":"C:\\Users\\DANDA\\.cache\\firebase\\emulators\\dataconnect-emulator-3.4.5.exe","args":["--logtostderr","-v=2","dev","--listen=localhost:50001","--config_dir=h:\\SovereignCloud\\1-PERSONAL\\delray-services\\Delray.services\\dataconnect","--enable_output_schema_extensions=true","--enable_output_generated_sdk=true"],"optionalArgs":["listen","config_dir","enable_output_schema_extensions","enable_output_generated_sdk"],"joinArgs":true,"shell":false,"port":9399} {"metadata":{"emulator":{"name":"dataconnect"},"message":"Starting SQL Connect Emulator with command {\"binary\":\"C:\\\\Users\\\\DANDA\\\\.cache\\\\firebase\\\\emulators\\\\dataconnect-emulator-3.4.5.exe\",\"args\":[\"--logtostderr\",\"-v=2\",\"dev\",\"--listen=localhost:50001\",\"--config_dir=h:\\\\SovereignCloud\\\\1-PERSONAL\\\\delray-services\\\\Delray.services\\\\dataconnect\",\"--enable_output_schema_extensions=true\",\"--enable_output_generated_sdk=true\"],\"optionalArgs\":[\"listen\",\"config_dir\",\"enable_output_schema_extensions\",\"enable_output_generated_sdk\"],\"joinArgs\":true,\"shell\":false,\"port\":9399}"}}
[info] i  dataconnect: SQL Connect Emulator logging to dataconnect-debug.log {"metadata":{"emulator":{"name":"dataconnect"},"message":"SQL Connect Emulator logging to \u001b[1mdataconnect-debug.log\u001b[22m"}}
[debug] [2026-04-19T19:23:37.508Z] E0419 15:23:37.507699   11260 dev.go:83] Failed to load initial config from "h:\\SovereignCloud\\1-PERSONAL\\delray-services\\Delray.services\\dataconnect": could not find dataconnect.yaml in `h:\SovereignCloud\1-PERSONAL\delray-services\Delray.services\dataconnect`
 {"metadata":{"emulator":{"name":"dataconnect"},"message":"E0419 15:23:37.507699   11260 dev.go:83] Failed to load initial config from \"h:\\\\SovereignCloud\\\\1-PERSONAL\\\\delray-services\\\\Delray.services\\\\dataconnect\": could not find dataconnect.yaml in `h:\\SovereignCloud\\1-PERSONAL\\delray-services\\Delray.services\\dataconnect`\n"}}
[debug] [2026-04-19T19:23:37.509Z] E0419 15:23:37.508811   11260 watch.go:116] watchAllDir unable to walk dir `h:\SovereignCloud\1-PERSONAL\delray-services\Delray.services\dataconnect`: GetFileAttributesEx h:\SovereignCloud\1-PERSONAL\delray-services\Delray.services\dataconnect: The system cannot find the file specified.
 {"metadata":{"emulator":{"name":"dataconnect"},"message":"E0419 15:23:37.508811   11260 watch.go:116] watchAllDir unable to walk dir `h:\\SovereignCloud\\1-PERSONAL\\delray-services\\Delray.services\\dataconnect`: GetFileAttributesEx h:\\SovereignCloud\\1-PERSONAL\\delray-services\\Delray.services\\dataconnect: The system cannot find the file specified.\n"}}
[debug] [2026-04-19T19:23:37.521Z] I0419 15:23:37.519929   11260 dev.go:104] Listening on address (HTTP + gRPC): 127.0.0.1:50001
 {"metadata":{"emulator":{"name":"dataconnect"},"message":"I0419 15:23:37.519929   11260 dev.go:104] Listening on address (HTTP + gRPC): 127.0.0.1:50001\n"}}
[error] [Firebase Plugin] error:  {}
[debug] [2026-04-19T19:23:38.388Z] <<< [apiv2][status] GET https://firebase.googleapis.com/v1beta1/projects 200
[debug] [2026-04-19T19:23:38.389Z] <<< [apiv2][body] GET https://firebase.googleapis.com/v1beta1/projects [omitted]
[debug] [2026-04-19T19:23:47.539Z] E0419 15:23:47.509797   11260 watch.go:40] Failed to load config from "h:\\SovereignCloud\\1-PERSONAL\\delray-services\\Delray.services\\dataconnect": could not find dataconnect.yaml in `h:\SovereignCloud\1-PERSONAL\delray-services\Delray.services\dataconnect`
 {"metadata":{"emulator":{"name":"dataconnect"},"message":"E0419 15:23:47.509797   11260 watch.go:40] Failed to load config from \"h:\\\\SovereignCloud\\\\1-PERSONAL\\\\delray-services\\\\Delray.services\\\\dataconnect\": could not find dataconnect.yaml in `h:\\SovereignCloud\\1-PERSONAL\\delray-services\\Delray.services\\dataconnect`\n"}}
[debug] [2026-04-19T19:23:57.510Z] E0419 15:23:57.509261   11260 watch.go:40] Failed to load config from "h:\\SovereignCloud\\1-PERSONAL\\delray-services\\Delray.services\\dataconnect": could not find dataconnect.yaml in `h:\SovereignCloud\1-PERSONAL\delray-services\Delray.services\dataconnect`
 {"metadata":{"emulator":{"name":"dataconnect"},"message":"E0419 15:23:57.509261   11260 watch.go:40] Failed to load config from \"h:\\\\SovereignCloud\\\\1-PERSONAL\\\\delray-services\\\\Delray.services\\\\dataconnect\": could not find dataconnect.yaml in `h:\\SovereignCloud\\1-PERSONAL\\delray-services\\Delray.services\\dataconnect`\n"}}
[debug] [2026-04-19T19:24:07.510Z] E0419 15:24:07.510408   11260 watch.go:40] Failed to load config from "h:\\SovereignCloud\\1-PERSONAL\\delray-services\\Delray.services\\dataconnect": could not find dataconnect.yaml in `h:\SovereignCloud\1-PERSONAL\delray-services\Delray.services\dataconnect`
 {"metadata":{"emulator":{"name":"dataconnect"},"message":"E0419 15:24:07.510408   11260 watch.go:40] Failed to load config from \"h:\\\\SovereignCloud\\\\1-PERSONAL\\\\delray-services\\\\Delray.services\\\\dataconnect\": could not find dataconnect.yaml in `h:\\SovereignCloud\\1-PERSONAL\\delray-services\\Delray.services\\dataconnect`\n"}}
[info] [Firebase Plugin] Stopping SQL Connect toolkit
[debug] [2026-04-19T19:28:27.574Z] [Firebase Plugin] Activating Firebase extension.
[debug] [2026-04-19T19:28:31.123Z] [Firebase Plugin] requireAuthWrapper
[debug] [2026-04-19T19:28:31.128Z] > command requires scopes: ["email","openid","https://www.googleapis.com/auth/cloudplatformprojects.readonly","https://www.googleapis.com/auth/firebase","https://www.googleapis.com/auth/cloud-platform"]
[debug] [2026-04-19T19:28:31.128Z] > authorizing via signed-in user (delraycaio@gmail.com)
[debug] [2026-04-19T19:28:31.132Z] Checked if tokens are valid: true, expires at: 1776630216083
[debug] [2026-04-19T19:28:31.133Z] Checked if tokens are valid: true, expires at: 1776630216083
[debug] [2026-04-19T19:28:31.134Z] [Firebase Plugin] User found:  delraycaio@gmail.com
[info] [Firebase Plugin] (Core:Project) New user detected, fetching projects
[debug] [2026-04-19T19:28:31.136Z] Checked if tokens are valid: true, expires at: 1776630216083
[debug] [2026-04-19T19:28:31.137Z] >>> [apiv2][query] GET https://firebase.googleapis.com/v1beta1/projects pageSize=1000
[debug] [2026-04-19T19:28:31.155Z] [Firebase Plugin] VSCode notification server listening on port 40001
[info] [Firebase Plugin] Starting SQL Connect toolkit (version 3.4.5) on port 50001
[debug] [2026-04-19T19:28:32.244Z] 'fdc build' failed with error: Unable to build your SQL Connect schema and connectors (exit code 1): E0419 15:28:32.238985   12636 cmd.go:43] Error loading data connect config: could not find dataconnect.yaml in `h:\SovereignCloud\1-PERSONAL\delray-services\Delray.services\dataconnect`
 {"metadata":{"emulator":{"name":"dataconnect"},"message":"'fdc build' failed with error: Unable to build your SQL Connect schema and connectors (exit code 1): E0419 15:28:32.238985   12636 cmd.go:43] Error loading data connect config: could not find dataconnect.yaml in `h:\\SovereignCloud\\1-PERSONAL\\delray-services\\Delray.services\\dataconnect`\n"}}
[debug] [2026-04-19T19:28:32.246Z] Ignoring unsupported arg: auto_download {"metadata":{"emulator":{"name":"dataconnect"},"message":"Ignoring unsupported arg: auto_download"}}
[debug] [2026-04-19T19:28:32.246Z] Ignoring unsupported arg: port {"metadata":{"emulator":{"name":"dataconnect"},"message":"Ignoring unsupported arg: port"}}
[debug] [2026-04-19T19:28:32.246Z] Starting SQL Connect Emulator with command {"binary":"C:\\Users\\DANDA\\.cache\\firebase\\emulators\\dataconnect-emulator-3.4.5.exe","args":["--logtostderr","-v=2","dev","--listen=localhost:50001","--config_dir=h:\\SovereignCloud\\1-PERSONAL\\delray-services\\Delray.services\\dataconnect","--enable_output_schema_extensions=true","--enable_output_generated_sdk=true"],"optionalArgs":["listen","config_dir","enable_output_schema_extensions","enable_output_generated_sdk"],"joinArgs":true,"shell":false,"port":9399} {"metadata":{"emulator":{"name":"dataconnect"},"message":"Starting SQL Connect Emulator with command {\"binary\":\"C:\\\\Users\\\\DANDA\\\\.cache\\\\firebase\\\\emulators\\\\dataconnect-emulator-3.4.5.exe\",\"args\":[\"--logtostderr\",\"-v=2\",\"dev\",\"--listen=localhost:50001\",\"--config_dir=h:\\\\SovereignCloud\\\\1-PERSONAL\\\\delray-services\\\\Delray.services\\\\dataconnect\",\"--enable_output_schema_extensions=true\",\"--enable_output_generated_sdk=true\"],\"optionalArgs\":[\"listen\",\"config_dir\",\"enable_output_schema_extensions\",\"enable_output_generated_sdk\"],\"joinArgs\":true,\"shell\":false,\"port\":9399}"}}
[info] i  dataconnect: SQL Connect Emulator logging to dataconnect-debug.log {"metadata":{"emulator":{"name":"dataconnect"},"message":"SQL Connect Emulator logging to \u001b[1mdataconnect-debug.log\u001b[22m"}}
[debug] [2026-04-19T19:28:32.310Z] E0419 15:28:32.305967   23152 dev.go:83] Failed to load initial config from "h:\\SovereignCloud\\1-PERSONAL\\delray-services\\Delray.services\\dataconnect": could not find dataconnect.yaml in `h:\SovereignCloud\1-PERSONAL\delray-services\Delray.services\dataconnect`
E0419 15:28:32.307032   23152 watch.go:116] watchAllDir unable to walk dir `h:\SovereignCloud\1-PERSONAL\delray-services\Delray.services\dataconnect`: GetFileAttributesEx h:\SovereignCloud\1-PERSONAL\delray-services\Delray.services\dataconnect: The system cannot find the file specified.
 {"metadata":{"emulator":{"name":"dataconnect"},"message":"E0419 15:28:32.305967   23152 dev.go:83] Failed to load initial config from \"h:\\\\SovereignCloud\\\\1-PERSONAL\\\\delray-services\\\\Delray.services\\\\dataconnect\": could not find dataconnect.yaml in `h:\\SovereignCloud\\1-PERSONAL\\delray-services\\Delray.services\\dataconnect`\nE0419 15:28:32.307032   23152 watch.go:116] watchAllDir unable to walk dir `h:\\SovereignCloud\\1-PERSONAL\\delray-services\\Delray.services\\dataconnect`: GetFileAttributesEx h:\\SovereignCloud\\1-PERSONAL\\delray-services\\Delray.services\\dataconnect: The system cannot find the file specified.\n"}}
[debug] [2026-04-19T19:28:32.323Z] I0419 15:28:32.320712   23152 dev.go:104] Listening on address (HTTP + gRPC): 127.0.0.1:50001
 {"metadata":{"emulator":{"name":"dataconnect"},"message":"I0419 15:28:32.320712   23152 dev.go:104] Listening on address (HTTP + gRPC): 127.0.0.1:50001\n"}}
[debug] [2026-04-19T19:28:32.331Z] <<< [apiv2][status] GET https://firebase.googleapis.com/v1beta1/projects 200
[debug] [2026-04-19T19:28:32.332Z] <<< [apiv2][body] GET https://firebase.googleapis.com/v1beta1/projects [omitted]
[error] [Firebase Plugin] error:  {}
[debug] [2026-04-19T19:28:42.308Z] E0419 15:28:42.308705   23152 watch.go:40] Failed to load config from "h:\\SovereignCloud\\1-PERSONAL\\delray-services\\Delray.services\\dataconnect": could not find dataconnect.yaml in `h:\SovereignCloud\1-PERSONAL\delray-services\Delray.services\dataconnect`
 {"metadata":{"emulator":{"name":"dataconnect"},"message":"E0419 15:28:42.308705   23152 watch.go:40] Failed to load config from \"h:\\\\SovereignCloud\\\\1-PERSONAL\\\\delray-services\\\\Delray.services\\\\dataconnect\": could not find dataconnect.yaml in `h:\\SovereignCloud\\1-PERSONAL\\delray-services\\Delray.services\\dataconnect`\n"}}
[debug] [2026-04-19T19:28:52.309Z] E0419 15:28:52.308586   23152 watch.go:40] Failed to load config from "h:\\SovereignCloud\\1-PERSONAL\\delray-services\\Delray.services\\dataconnect": could not find dataconnect.yaml in `h:\SovereignCloud\1-PERSONAL\delray-services\Delray.services\dataconnect`
 {"metadata":{"emulator":{"name":"dataconnect"},"message":"E0419 15:28:52.308586   23152 watch.go:40] Failed to load config from \"h:\\\\SovereignCloud\\\\1-PERSONAL\\\\delray-services\\\\Delray.services\\\\dataconnect\": could not find dataconnect.yaml in `h:\\SovereignCloud\\1-PERSONAL\\delray-services\\Delray.services\\dataconnect`\n"}}
[debug] [2026-04-19T19:29:02.308Z] E0419 15:29:02.308276   23152 watch.go:40] Failed to load config from "h:\\SovereignCloud\\1-PERSONAL\\delray-services\\Delray.services\\dataconnect": could not find dataconnect.yaml in `h:\SovereignCloud\1-PERSONAL\delray-services\Delray.services\dataconnect`
 {"metadata":{"emulator":{"name":"dataconnect"},"message":"E0419 15:29:02.308276   23152 watch.go:40] Failed to load config from \"h:\\\\SovereignCloud\\\\1-PERSONAL\\\\delray-services\\\\Delray.services\\\\dataconnect\": could not find dataconnect.yaml in `h:\\SovereignCloud\\1-PERSONAL\\delray-services\\Delray.services\\dataconnect`\n"}}
[debug] [2026-04-19T19:29:12.308Z] E0419 15:29:12.308450   23152 watch.go:40] Failed to load config from "h:\\SovereignCloud\\1-PERSONAL\\delray-services\\Delray.services\\dataconnect": could not find dataconnect.yaml in `h:\SovereignCloud\1-PERSONAL\delray-services\Delray.services\dataconnect`
 {"metadata":{"emulator":{"name":"dataconnect"},"message":"E0419 15:29:12.308450   23152 watch.go:40] Failed to load config from \"h:\\\\SovereignCloud\\\\1-PERSONAL\\\\delray-services\\\\Delray.services\\\\dataconnect\": could not find dataconnect.yaml in `h:\\SovereignCloud\\1-PERSONAL\\delray-services\\Delray.services\\dataconnect`\n"}}
[debug] [2026-04-19T19:29:22.308Z] E0419 15:29:22.308550   23152 watch.go:40] Failed to load config from "h:\\SovereignCloud\\1-PERSONAL\\delray-services\\Delray.services\\dataconnect": could not find dataconnect.yaml in `h:\SovereignCloud\1-PERSONAL\delray-services\Delray.services\dataconnect`
 {"metadata":{"emulator":{"name":"dataconnect"},"message":"E0419 15:29:22.308550   23152 watch.go:40] Failed to load config from \"h:\\\\SovereignCloud\\\\1-PERSONAL\\\\delray-services\\\\Delray.services\\\\dataconnect\": could not find dataconnect.yaml in `h:\\SovereignCloud\\1-PERSONAL\\delray-services\\Delray.services\\dataconnect`\n"}}
[debug] [2026-04-19T19:29:32.309Z] E0419 15:29:32.309511   23152 watch.go:40] Failed to load config from "h:\\SovereignCloud\\1-PERSONAL\\delray-services\\Delray.services\\dataconnect": could not find dataconnect.yaml in `h:\SovereignCloud\1-PERSONAL\delray-services\Delray.services\dataconnect`
 {"metadata":{"emulator":{"name":"dataconnect"},"message":"E0419 15:29:32.309511   23152 watch.go:40] Failed to load config from \"h:\\\\SovereignCloud\\\\1-PERSONAL\\\\delray-services\\\\Delray.services\\\\dataconnect\": could not find dataconnect.yaml in `h:\\SovereignCloud\\1-PERSONAL\\delray-services\\Delray.services\\dataconnect`\n"}}
[debug] [2026-04-19T19:29:32.311Z] E0419 15:29:32.309511   23152 watch.go:116] watchAllDir unable to walk dir `h:\SovereignCloud\1-PERSONAL\delray-services\Delray.services\dataconnect`: GetFileAttributesEx h:\SovereignCloud\1-PERSONAL\delray-services\Delray.services\dataconnect: The system cannot find the file specified.
 {"metadata":{"emulator":{"name":"dataconnect"},"message":"E0419 15:29:32.309511   23152 watch.go:116] watchAllDir unable to walk dir `h:\\SovereignCloud\\1-PERSONAL\\delray-services\\Delray.services\\dataconnect`: GetFileAttributesEx h:\\SovereignCloud\\1-PERSONAL\\delray-services\\Delray.services\\dataconnect: The system cannot find the file specified.\n"}}
[info] [Firebase Plugin] Stopping SQL Connect toolkit
